
*** Running vivado
    with args -log blinky.vds -m64 -product Vivado -mode batch -messageDb vivado.pb -notrace -source blinky.tcl


****** Vivado v2018.3 (64-bit)
  **** SW Build 2405991 on Thu Dec  6 23:38:27 MST 2018
  **** IP Build 2404404 on Fri Dec  7 01:43:56 MST 2018
    ** Copyright 1986-2018 Xilinx, Inc. All Rights Reserved.

source blinky.tcl -notrace
Command: synth_design -top blinky -part xc7z020clg484-1
Starting synth_design
Attempting to get a license for feature 'Synthesis' and/or device 'xc7z020'
INFO: [Common 17-349] Got license for feature 'Synthesis' and/or device 'xc7z020'
INFO: Launching helper process for spawning children vivado processes
INFO: Helper process launched with PID 2488 
---------------------------------------------------------------------------------
Starting RTL Elaboration : Time (s): cpu = 00:00:04 ; elapsed = 00:00:07 . Memory (MB): peak = 338.691 ; gain = 70.555
---------------------------------------------------------------------------------
INFO: [Synth 8-638] synthesizing module 'blinky' [C:/Users/fello/Desktop/Vivado/fpga_study/Blinky/Blinky.srcs/sources_1/new/blinky.vhdl:57]
WARNING: [Synth 8-614] signal 'SW1' is read in the process but is not in the sensitivity list [C:/Users/fello/Desktop/Vivado/fpga_study/Blinky/Blinky.srcs/sources_1/new/blinky.vhdl:88]
WARNING: [Synth 8-3848] Net LD2 in module/entity blinky does not have driver. [C:/Users/fello/Desktop/Vivado/fpga_study/Blinky/Blinky.srcs/sources_1/new/blinky.vhdl:48]
WARNING: [Synth 8-3848] Net LD3 in module/entity blinky does not have driver. [C:/Users/fello/Desktop/Vivado/fpga_study/Blinky/Blinky.srcs/sources_1/new/blinky.vhdl:49]
WARNING: [Synth 8-3848] Net LD4 in module/entity blinky does not have driver. [C:/Users/fello/Desktop/Vivado/fpga_study/Blinky/Blinky.srcs/sources_1/new/blinky.vhdl:50]
WARNING: [Synth 8-3848] Net LD5 in module/entity blinky does not have driver. [C:/Users/fello/Desktop/Vivado/fpga_study/Blinky/Blinky.srcs/sources_1/new/blinky.vhdl:51]
WARNING: [Synth 8-3848] Net LD6 in module/entity blinky does not have driver. [C:/Users/fello/Desktop/Vivado/fpga_study/Blinky/Blinky.srcs/sources_1/new/blinky.vhdl:52]
WARNING: [Synth 8-3848] Net LD7 in module/entity blinky does not have driver. [C:/Users/fello/Desktop/Vivado/fpga_study/Blinky/Blinky.srcs/sources_1/new/blinky.vhdl:53]
INFO: [Synth 8-256] done synthesizing module 'blinky' (1#1) [C:/Users/fello/Desktop/Vivado/fpga_study/Blinky/Blinky.srcs/sources_1/new/blinky.vhdl:57]
WARNING: [Synth 8-3331] design blinky has unconnected port LD2
WARNING: [Synth 8-3331] design blinky has unconnected port LD3
WARNING: [Synth 8-3331] design blinky has unconnected port LD4
WARNING: [Synth 8-3331] design blinky has unconnected port LD5
WARNING: [Synth 8-3331] design blinky has unconnected port LD6
WARNING: [Synth 8-3331] design blinky has unconnected port LD7
WARNING: [Synth 8-3331] design blinky has unconnected port SW0
WARNING: [Synth 8-3331] design blinky has unconnected port SW2
WARNING: [Synth 8-3331] design blinky has unconnected port SW3
WARNING: [Synth 8-3331] design blinky has unconnected port SW4
WARNING: [Synth 8-3331] design blinky has unconnected port SW5
WARNING: [Synth 8-3331] design blinky has unconnected port SW6
WARNING: [Synth 8-3331] design blinky has unconnected port SW7
---------------------------------------------------------------------------------
Finished RTL Elaboration : Time (s): cpu = 00:00:06 ; elapsed = 00:00:09 . Memory (MB): peak = 394.859 ; gain = 126.723
---------------------------------------------------------------------------------

Report Check Netlist: 
+------+------------------+-------+---------+-------+------------------+
|      |Item              |Errors |Warnings |Status |Description       |
+------+------------------+-------+---------+-------+------------------+
|1     |multi_driven_nets |      0|        0|Passed |Multi driven nets |
+------+------------------+-------+---------+-------+------------------+
---------------------------------------------------------------------------------
Start Handling Custom Attributes
---------------------------------------------------------------------------------
---------------------------------------------------------------------------------
Finished Handling Custom Attributes : Time (s): cpu = 00:00:06 ; elapsed = 00:00:10 . Memory (MB): peak = 394.859 ; gain = 126.723
---------------------------------------------------------------------------------
---------------------------------------------------------------------------------
Finished RTL Optimization Phase 1 : Time (s): cpu = 00:00:06 ; elapsed = 00:00:10 . Memory (MB): peak = 394.859 ; gain = 126.723
---------------------------------------------------------------------------------
INFO: [Device 21-403] Loading part xc7z020clg484-1
INFO: [Project 1-570] Preparing netlist for logic optimization

Processing XDC Constraints
Initializing timing engine
Parsing XDC File [C:/Users/fello/Desktop/Vivado/fpga_study/Blinky/Blinky.srcs/constrs_1/imports/digilent-xdc-master/Zedboard-Master.xdc]
WARNING: [Vivado 12-584] No ports matched 'BTNC'. [C:/Users/fello/Desktop/Vivado/fpga_study/Blinky/Blinky.srcs/constrs_1/imports/digilent-xdc-master/Zedboard-Master.xdc:205]
CRITICAL WARNING: [Common 17-55] 'set_property' expects at least one object. [C:/Users/fello/Desktop/Vivado/fpga_study/Blinky/Blinky.srcs/constrs_1/imports/digilent-xdc-master/Zedboard-Master.xdc:205]
Resolution: If [get_<value>] was used to populate the object, check to make sure this command returns at least one valid object.
WARNING: [Vivado 12-584] No ports matched 'BTND'. [C:/Users/fello/Desktop/Vivado/fpga_study/Blinky/Blinky.srcs/constrs_1/imports/digilent-xdc-master/Zedboard-Master.xdc:206]
CRITICAL WARNING: [Common 17-55] 'set_property' expects at least one object. [C:/Users/fello/Desktop/Vivado/fpga_study/Blinky/Blinky.srcs/constrs_1/imports/digilent-xdc-master/Zedboard-Master.xdc:206]
Resolution: If [get_<value>] was used to populate the object, check to make sure this command returns at least one valid object.
WARNING: [Vivado 12-584] No ports matched 'BTNL'. [C:/Users/fello/Desktop/Vivado/fpga_study/Blinky/Blinky.srcs/constrs_1/imports/digilent-xdc-master/Zedboard-Master.xdc:207]
CRITICAL WARNING: [Common 17-55] 'set_property' expects at least one object. [C:/Users/fello/Desktop/Vivado/fpga_study/Blinky/Blinky.srcs/constrs_1/imports/digilent-xdc-master/Zedboard-Master.xdc:207]
Resolution: If [get_<value>] was used to populate the object, check to make sure this command returns at least one valid object.
WARNING: [Vivado 12-584] No ports matched 'BTNR'. [C:/Users/fello/Desktop/Vivado/fpga_study/Blinky/Blinky.srcs/constrs_1/imports/digilent-xdc-master/Zedboard-Master.xdc:208]
CRITICAL WARNING: [Common 17-55] 'set_property' expects at least one object. [C:/Users/fello/Desktop/Vivado/fpga_study/Blinky/Blinky.srcs/constrs_1/imports/digilent-xdc-master/Zedboard-Master.xdc:208]
Resolution: If [get_<value>] was used to populate the object, check to make sure this command returns at least one valid object.
WARNING: [Vivado 12-584] No ports matched 'BTNU'. [C:/Users/fello/Desktop/Vivado/fpga_study/Blinky/Blinky.srcs/constrs_1/imports/digilent-xdc-master/Zedboard-Master.xdc:209]
CRITICAL WARNING: [Common 17-55] 'set_property' expects at least one object. [C:/Users/fello/Desktop/Vivado/fpga_study/Blinky/Blinky.srcs/constrs_1/imports/digilent-xdc-master/Zedboard-Master.xdc:209]
Resolution: If [get_<value>] was used to populate the object, check to make sure this command returns at least one valid object.
WARNING: [Vivado 12-584] No ports matched '[get_ports -of_objects [get_iobanks 33]]'. [C:/Users/fello/Desktop/Vivado/fpga_study/Blinky/Blinky.srcs/constrs_1/imports/digilent-xdc-master/Zedboard-Master.xdc:362]
WARNING: [Vivado 12-584] No ports matched '[get_ports -of_objects [get_iobanks 34]]'. [C:/Users/fello/Desktop/Vivado/fpga_study/Blinky/Blinky.srcs/constrs_1/imports/digilent-xdc-master/Zedboard-Master.xdc:367]
WARNING: [Vivado 12-584] No ports matched '[get_ports -of_objects [get_iobanks 35]]'. [C:/Users/fello/Desktop/Vivado/fpga_study/Blinky/Blinky.srcs/constrs_1/imports/digilent-xdc-master/Zedboard-Master.xdc:372]
WARNING: [Vivado 12-584] No ports matched '[get_ports -of_objects [get_iobanks 13]]'. [C:/Users/fello/Desktop/Vivado/fpga_study/Blinky/Blinky.srcs/constrs_1/imports/digilent-xdc-master/Zedboard-Master.xdc:375]
Finished Parsing XDC File [C:/Users/fello/Desktop/Vivado/fpga_study/Blinky/Blinky.srcs/constrs_1/imports/digilent-xdc-master/Zedboard-Master.xdc]
INFO: [Project 1-236] Implementation specific constraints were found while reading constraint file [C:/Users/fello/Desktop/Vivado/fpga_study/Blinky/Blinky.srcs/constrs_1/imports/digilent-xdc-master/Zedboard-Master.xdc]. These constraints will be ignored for synthesis but will be used in implementation. Impacted constraints are listed in the file [.Xil/blinky_propImpl.xdc].
Resolution: To avoid this warning, move constraints listed in [.Xil/blinky_propImpl.xdc] to another XDC file and exclude this new file from synthesis with the used_in_synthesis property (File Properties dialog in GUI) and re-run elaboration/synthesis.
Netlist sorting complete. Time (s): cpu = 00:00:00 ; elapsed = 00:00:00 . Memory (MB): peak = 718.480 ; gain = 0.000
Completed Processing XDC Constraints

Netlist sorting complete. Time (s): cpu = 00:00:00 ; elapsed = 00:00:00 . Memory (MB): peak = 718.480 ; gain = 0.000
INFO: [Project 1-111] Unisim Transformation Summary:
No Unisim elements were transformed.

Netlist sorting complete. Time (s): cpu = 00:00:00 ; elapsed = 00:00:00 . Memory (MB): peak = 718.480 ; gain = 0.000
WARNING: [Constraints 18-5210] No constraints selected for write.
Resolution: This message can indicate that there are no constraints for the design, or it can indicate that the used_in flags are set such that the constraints are ignored. This later case is used when running synth_design to not write synthesis constraints to the resulting checkpoint. Instead, project constraints are read when the synthesized design is opened.
Constraint Validation Runtime : Time (s): cpu = 00:00:00 ; elapsed = 00:00:00.160 . Memory (MB): peak = 719.574 ; gain = 1.094
---------------------------------------------------------------------------------
Finished Constraint Validation : Time (s): cpu = 00:00:21 ; elapsed = 00:00:36 . Memory (MB): peak = 719.574 ; gain = 451.438
---------------------------------------------------------------------------------
---------------------------------------------------------------------------------
Start Loading Part and Timing Information
---------------------------------------------------------------------------------
Loading part: xc7z020clg484-1
---------------------------------------------------------------------------------
Finished Loading Part and Timing Information : Time (s): cpu = 00:00:21 ; elapsed = 00:00:36 . Memory (MB): peak = 719.574 ; gain = 451.438
---------------------------------------------------------------------------------
---------------------------------------------------------------------------------
Start Applying 'set_property' XDC Constraints
---------------------------------------------------------------------------------
---------------------------------------------------------------------------------
Finished applying 'set_property' XDC Constraints : Time (s): cpu = 00:00:21 ; elapsed = 00:00:36 . Memory (MB): peak = 719.574 ; gain = 451.438
---------------------------------------------------------------------------------
---------------------------------------------------------------------------------
Finished RTL Optimization Phase 2 : Time (s): cpu = 00:00:21 ; elapsed = 00:00:37 . Memory (MB): peak = 719.574 ; gain = 451.438
---------------------------------------------------------------------------------

Report RTL Partitions: 
+-+--------------+------------+----------+
| |RTL Partition |Replication |Instances |
+-+--------------+------------+----------+
+-+--------------+------------+----------+
---------------------------------------------------------------------------------
Start RTL Component Statistics 
---------------------------------------------------------------------------------
Detailed RTL Component Info : 
+---Adders : 
	   2 Input     27 Bit       Adders := 1     
+---Registers : 
	                1 Bit    Registers := 1     
---------------------------------------------------------------------------------
Finished RTL Component Statistics 
---------------------------------------------------------------------------------
---------------------------------------------------------------------------------
Start RTL Hierarchical Component Statistics 
---------------------------------------------------------------------------------
Hierarchical RTL Component report 
Module blinky 
Detailed RTL Component Info : 
+---Adders : 
	   2 Input     27 Bit       Adders := 1     
+---Registers : 
	                1 Bit    Registers := 1     
---------------------------------------------------------------------------------
Finished RTL Hierarchical Component Statistics
---------------------------------------------------------------------------------
---------------------------------------------------------------------------------
Start Part Resource Summary
---------------------------------------------------------------------------------
Part Resources:
DSPs: 220 (col length:60)
BRAMs: 280 (col length: RAMB18 60 RAMB36 30)
---------------------------------------------------------------------------------
Finished Part Resource Summary
---------------------------------------------------------------------------------
---------------------------------------------------------------------------------
Start Cross Boundary and Area Optimization
---------------------------------------------------------------------------------
Warning: Parallel synthesis criteria is not met 
WARNING: [Synth 8-3331] design blinky has unconnected port LD2
WARNING: [Synth 8-3331] design blinky has unconnected port LD3
WARNING: [Synth 8-3331] design blinky has unconnected port LD4
WARNING: [Synth 8-3331] design blinky has unconnected port LD5
WARNING: [Synth 8-3331] design blinky has unconnected port LD6
WARNING: [Synth 8-3331] design blinky has unconnected port LD7
WARNING: [Synth 8-3331] design blinky has unconnected port SW0
WARNING: [Synth 8-3331] design blinky has unconnected port SW2
WARNING: [Synth 8-3331] design blinky has unconnected port SW3
WARNING: [Synth 8-3331] design blinky has unconnected port SW4
WARNING: [Synth 8-3331] design blinky has unconnected port SW5
WARNING: [Synth 8-3331] design blinky has unconnected port SW6
WARNING: [Synth 8-3331] design blinky has unconnected port SW7
---------------------------------------------------------------------------------
Finished Cross Boundary and Area Optimization : Time (s): cpu = 00:00:23 ; elapsed = 00:00:39 . Memory (MB): peak = 719.574 ; gain = 451.438
---------------------------------------------------------------------------------

Report RTL Partitions: 
+-+--------------+------------+----------+
| |RTL Partition |Replication |Instances |
+-+--------------+------------+----------+
+-+--------------+------------+----------+
---------------------------------------------------------------------------------
Start Applying XDC Timing Constraints
---------------------------------------------------------------------------------
---------------------------------------------------------------------------------
Finished Applying XDC Timing Constraints : Time (s): cpu = 00:00:37 ; elapsed = 00:01:03 . Memory (MB): peak = 744.328 ; gain = 476.191
---------------------------------------------------------------------------------
---------------------------------------------------------------------------------
Start Timing Optimization
---------------------------------------------------------------------------------
---------------------------------------------------------------------------------
Finished Timing Optimization : Time (s): cpu = 00:00:37 ; elapsed = 00:01:03 . Memory (MB): peak = 744.402 ; gain = 476.266
---------------------------------------------------------------------------------

Report RTL Partitions: 
+-+--------------+------------+----------+
| |RTL Partition |Replication |Instances |
+-+--------------+------------+----------+
+-+--------------+------------+----------+
---------------------------------------------------------------------------------
Start Technology Mapping
---------------------------------------------------------------------------------
---------------------------------------------------------------------------------
Finished Technology Mapping : Time (s): cpu = 00:00:37 ; elapsed = 00:01:03 . Memory (MB): peak = 754.438 ; gain = 486.301
---------------------------------------------------------------------------------

Report RTL Partitions: 
+-+--------------+------------+----------+
| |RTL Partition |Replication |Instances |
+-+--------------+------------+----------+
+-+--------------+------------+----------+
---------------------------------------------------------------------------------
Start IO Insertion
---------------------------------------------------------------------------------
---------------------------------------------------------------------------------
Start Flattening Before IO Insertion
---------------------------------------------------------------------------------
---------------------------------------------------------------------------------
Finished Flattening Before IO Insertion
---------------------------------------------------------------------------------
---------------------------------------------------------------------------------
Start Final Netlist Cleanup
---------------------------------------------------------------------------------
---------------------------------------------------------------------------------
Finished Final Netlist Cleanup
---------------------------------------------------------------------------------
---------------------------------------------------------------------------------
Finished IO Insertion : Time (s): cpu = 00:00:39 ; elapsed = 00:01:05 . Memory (MB): peak = 754.438 ; gain = 486.301
---------------------------------------------------------------------------------

Report Check Netlist: 
+------+------------------+-------+---------+-------+------------------+
|      |Item              |Errors |Warnings |Status |Description       |
+------+------------------+-------+---------+-------+------------------+
|1     |multi_driven_nets |      0|        0|Passed |Multi driven nets |
+------+------------------+-------+---------+-------+------------------+
---------------------------------------------------------------------------------
Start Renaming Generated Instances
---------------------------------------------------------------------------------
---------------------------------------------------------------------------------
Finished Renaming Generated Instances : Time (s): cpu = 00:00:39 ; elapsed = 00:01:05 . Memory (MB): peak = 754.438 ; gain = 486.301
---------------------------------------------------------------------------------

Report RTL Partitions: 
+-+--------------+------------+----------+
| |RTL Partition |Replication |Instances |
+-+--------------+------------+----------+
+-+--------------+------------+----------+
---------------------------------------------------------------------------------
Start Rebuilding User Hierarchy
---------------------------------------------------------------------------------
---------------------------------------------------------------------------------
Finished Rebuilding User Hierarchy : Time (s): cpu = 00:00:39 ; elapsed = 00:01:05 . Memory (MB): peak = 754.438 ; gain = 486.301
---------------------------------------------------------------------------------
---------------------------------------------------------------------------------
Start Renaming Generated Ports
---------------------------------------------------------------------------------
---------------------------------------------------------------------------------
Finished Renaming Generated Ports : Time (s): cpu = 00:00:39 ; elapsed = 00:01:05 . Memory (MB): peak = 754.438 ; gain = 486.301
---------------------------------------------------------------------------------
---------------------------------------------------------------------------------
Start Handling Custom Attributes
---------------------------------------------------------------------------------
---------------------------------------------------------------------------------
Finished Handling Custom Attributes : Time (s): cpu = 00:00:39 ; elapsed = 00:01:05 . Memory (MB): peak = 754.438 ; gain = 486.301
---------------------------------------------------------------------------------
---------------------------------------------------------------------------------
Start Renaming Generated Nets
---------------------------------------------------------------------------------
---------------------------------------------------------------------------------
Finished Renaming Generated Nets : Time (s): cpu = 00:00:39 ; elapsed = 00:01:05 . Memory (MB): peak = 754.438 ; gain = 486.301
---------------------------------------------------------------------------------
---------------------------------------------------------------------------------
Start Writing Synthesis Report
---------------------------------------------------------------------------------

Report BlackBoxes: 
+-+--------------+----------+
| |BlackBox name |Instances |
+-+--------------+----------+
+-+--------------+----------+

Report Cell Usage: 
+------+-------+------+
|      |Cell   |Count |
+------+-------+------+
|1     |BUFG   |     1|
|2     |CARRY4 |    14|
|3     |LUT1   |     1|
|4     |LUT3   |     1|
|5     |LUT4   |     5|
|6     |LUT5   |     2|
|7     |LUT6   |     4|
|8     |FDRE   |    28|
|9     |IBUF   |     2|
|10    |OBUF   |     2|
|11    |OBUFT  |     6|
+------+-------+------+

Report Instance Areas: 
+------+---------+-------+------+
|      |Instance |Module |Cells |
+------+---------+-------+------+
|1     |top      |       |    66|
+------+---------+-------+------+
---------------------------------------------------------------------------------
Finished Writing Synthesis Report : Time (s): cpu = 00:00:39 ; elapsed = 00:01:05 . Memory (MB): peak = 754.438 ; gain = 486.301
---------------------------------------------------------------------------------
Synthesis finished with 0 errors, 0 critical warnings and 13 warnings.
Synthesis Optimization Runtime : Time (s): cpu = 00:00:23 ; elapsed = 00:00:48 . Memory (MB): peak = 754.438 ; gain = 161.586
Synthesis Optimization Complete : Time (s): cpu = 00:00:39 ; elapsed = 00:01:06 . Memory (MB): peak = 754.438 ; gain = 486.301
INFO: [Project 1-571] Translating synthesized netlist
INFO: [Netlist 29-17] Analyzing 14 Unisim elements for replacement
INFO: [Netlist 29-28] Unisim Transformation completed in 1 CPU seconds
INFO: [Project 1-570] Preparing netlist for logic optimization
INFO: [Opt 31-138] Pushed 0 inverter(s) to 0 load pin(s).
Netlist sorting complete. Time (s): cpu = 00:00:00 ; elapsed = 00:00:00.001 . Memory (MB): peak = 768.445 ; gain = 0.000
INFO: [Project 1-111] Unisim Transformation Summary:
No Unisim elements were transformed.

INFO: [Common 17-83] Releasing license: Synthesis
14 Infos, 43 Warnings, 5 Critical Warnings and 0 Errors encountered.
synth_design completed successfully
synth_design: Time (s): cpu = 00:00:41 ; elapsed = 00:01:10 . Memory (MB): peak = 768.445 ; gain = 500.309
Netlist sorting complete. Time (s): cpu = 00:00:00 ; elapsed = 00:00:00 . Memory (MB): peak = 768.445 ; gain = 0.000
WARNING: [Constraints 18-5210] No constraints selected for write.
Resolution: This message can indicate that there are no constraints for the design, or it can indicate that the used_in flags are set such that the constraints are ignored. This later case is used when running synth_design to not write synthesis constraints to the resulting checkpoint. Instead, project constraints are read when the synthesized design is opened.
INFO: [Common 17-1381] The checkpoint 'C:/Users/fello/Desktop/Vivado/fpga_study/Blinky/Blinky.runs/synth_1/blinky.dcp' has been generated.
INFO: [runtcl-4] Executing : report_utilization -file blinky_utilization_synth.rpt -pb blinky_utilization_synth.pb
INFO: [Common 17-206] Exiting Vivado at Fri May  8 10:06:41 2020...
