16:11:03 INFO  : Registering command handlers for SDK TCF services
16:11:08 INFO  : Launching XSCT server: xsct.bat -interactive C:\Users\fello\Desktop\Vivado\project_1\project_1.sdk\temp_xsdb_launch_script.tcl
16:11:20 INFO  : XSCT server has started successfully.
16:11:23 INFO  : Successfully done setting XSCT server connection channel  
16:11:23 INFO  : Processing command line option -hwspec C:/Users/fello/Desktop/Vivado/project_1/project_1.sdk/design_1_wrapper.hdf.
16:11:23 INFO  : Successfully done setting SDK workspace  
16:21:46 INFO  : Connected to target on host '127.0.0.1' and port '3121'.
16:21:58 INFO  : 'targets -set -filter {jtag_cable_name =~ "Digilent Zed 210248586133" && level==0} -index 1' command is executed.
16:22:05 INFO  : FPGA configured successfully with bitstream "C:/Users/fello/Desktop/Vivado/project_1/project_1.sdk/design_1_wrapper_hw_platform_0/design_1_wrapper.bit"
16:23:41 INFO  : 'targets -set -filter {jtag_cable_name =~ "Digilent Zed 210248586133" && level==0} -index 1' command is executed.
16:23:41 INFO  : 'fpga -state' command is executed.
16:23:41 INFO  : Connected to target on host '127.0.0.1' and port '3121'.
16:23:46 INFO  : Jtag cable 'Digilent Zed 210248586133' is selected.
16:23:46 INFO  : 'jtag frequency' command is executed.
16:23:46 INFO  : Sourcing of 'C:/Users/fello/Desktop/Vivado/project_1/project_1.sdk/design_1_wrapper_hw_platform_0/ps7_init.tcl' is done.
16:23:46 INFO  : Context for 'APU' is selected.
16:23:46 INFO  : Hardware design information is loaded from 'C:/Users/fello/Desktop/Vivado/project_1/project_1.sdk/design_1_wrapper_hw_platform_0/system.hdf'.
16:23:47 INFO  : 'configparams force-mem-access 1' command is executed.
16:23:47 INFO  : Context for 'APU' is selected.
16:23:50 INFO  : 'stop' command is executed.
16:23:52 INFO  : 'ps7_init' command is executed.
16:23:53 INFO  : 'ps7_post_config' command is executed.
16:23:53 INFO  : Context for processor 'ps7_cortexa9_0' is selected.
16:23:53 INFO  : Processor reset is completed for 'ps7_cortexa9_0'.
16:23:53 INFO  : Context for processor 'ps7_cortexa9_0' is selected.
16:23:54 INFO  : The application 'C:/Users/fello/Desktop/Vivado/project_1/project_1.sdk/zedboard_getting_started_with_zynq/Debug/zedboard_getting_started_with_zynq.elf' is downloaded to processor 'ps7_cortexa9_0'.
16:23:54 INFO  : 'configparams force-mem-access 0' command is executed.
16:23:54 INFO  : ----------------XSDB Script----------------
connect -url tcp:127.0.0.1:3121
source C:/Users/fello/Desktop/Vivado/project_1/project_1.sdk/design_1_wrapper_hw_platform_0/ps7_init.tcl
targets -set -nocase -filter {name =~"APU*" && jtag_cable_name =~ "Digilent Zed 210248586133"} -index 0
loadhw -hw C:/Users/fello/Desktop/Vivado/project_1/project_1.sdk/design_1_wrapper_hw_platform_0/system.hdf -mem-ranges [list {0x40000000 0xbfffffff}]
configparams force-mem-access 1
targets -set -nocase -filter {name =~"APU*" && jtag_cable_name =~ "Digilent Zed 210248586133"} -index 0
stop
ps7_init
ps7_post_config
targets -set -nocase -filter {name =~ "ARM*#0" && jtag_cable_name =~ "Digilent Zed 210248586133"} -index 0
rst -processor
targets -set -nocase -filter {name =~ "ARM*#0" && jtag_cable_name =~ "Digilent Zed 210248586133"} -index 0
dow C:/Users/fello/Desktop/Vivado/project_1/project_1.sdk/zedboard_getting_started_with_zynq/Debug/zedboard_getting_started_with_zynq.elf
configparams force-mem-access 0
----------------End of Script----------------

16:23:54 INFO  : Memory regions updated for context APU
16:23:54 INFO  : Context for processor 'ps7_cortexa9_0' is selected.
16:23:55 INFO  : 'con' command is executed.
16:23:55 INFO  : ----------------XSDB Script (After Launch)----------------
targets -set -nocase -filter {name =~ "ARM*#0" && jtag_cable_name =~ "Digilent Zed 210248586133"} -index 0
con
----------------End of Script----------------

16:23:55 INFO  : Launch script is exported to file 'C:\Users\fello\Desktop\Vivado\project_1\project_1.sdk\.sdk\launch_scripts\xilinx_c-c++_application_(system_debugger)\system_debugger_using_debug_zedboard_getting_started_with_zynq.elf_on_local.tcl'
16:48:36 INFO  : Disconnected from the channel tcfchan#1.
16:49:46 INFO  : 'targets -set -filter {jtag_cable_name =~ "Digilent Zed 210248586133" && level==0} -index 1' command is executed.
16:49:46 INFO  : 'fpga -state' command is executed.
16:49:46 INFO  : Connected to target on host '127.0.0.1' and port '3121'.
16:49:46 INFO  : Jtag cable 'Digilent Zed 210248586133' is selected.
16:49:47 INFO  : 'jtag frequency' command is executed.
16:49:47 INFO  : Sourcing of 'C:/Users/fello/Desktop/Vivado/project_1/project_1.sdk/design_1_wrapper_hw_platform_0/ps7_init.tcl' is done.
16:49:47 INFO  : Context for 'APU' is selected.
16:49:47 INFO  : Hardware design information is loaded from 'C:/Users/fello/Desktop/Vivado/project_1/project_1.sdk/design_1_wrapper_hw_platform_0/system.hdf'.
16:49:47 INFO  : 'configparams force-mem-access 1' command is executed.
16:49:47 INFO  : Context for 'APU' is selected.
16:49:47 INFO  : 'stop' command is executed.
16:49:50 INFO  : 'ps7_init' command is executed.
16:49:51 INFO  : 'ps7_post_config' command is executed.
16:49:51 INFO  : Context for processor 'ps7_cortexa9_0' is selected.
16:49:51 INFO  : Processor reset is completed for 'ps7_cortexa9_0'.
16:49:51 INFO  : Context for processor 'ps7_cortexa9_0' is selected.
16:49:52 INFO  : The application 'C:/Users/fello/Desktop/Vivado/project_1/project_1.sdk/zedboard_getting_started_with_zynq/Debug/zedboard_getting_started_with_zynq.elf' is downloaded to processor 'ps7_cortexa9_0'.
16:49:52 INFO  : 'configparams force-mem-access 0' command is executed.
16:49:52 INFO  : ----------------XSDB Script----------------
connect -url tcp:127.0.0.1:3121
source C:/Users/fello/Desktop/Vivado/project_1/project_1.sdk/design_1_wrapper_hw_platform_0/ps7_init.tcl
targets -set -nocase -filter {name =~"APU*" && jtag_cable_name =~ "Digilent Zed 210248586133"} -index 0
loadhw -hw C:/Users/fello/Desktop/Vivado/project_1/project_1.sdk/design_1_wrapper_hw_platform_0/system.hdf -mem-ranges [list {0x40000000 0xbfffffff}]
configparams force-mem-access 1
targets -set -nocase -filter {name =~"APU*" && jtag_cable_name =~ "Digilent Zed 210248586133"} -index 0
stop
ps7_init
ps7_post_config
targets -set -nocase -filter {name =~ "ARM*#0" && jtag_cable_name =~ "Digilent Zed 210248586133"} -index 0
rst -processor
targets -set -nocase -filter {name =~ "ARM*#0" && jtag_cable_name =~ "Digilent Zed 210248586133"} -index 0
dow C:/Users/fello/Desktop/Vivado/project_1/project_1.sdk/zedboard_getting_started_with_zynq/Debug/zedboard_getting_started_with_zynq.elf
configparams force-mem-access 0
----------------End of Script----------------

16:49:52 INFO  : Memory regions updated for context APU
16:49:52 INFO  : Context for processor 'ps7_cortexa9_0' is selected.
16:49:52 INFO  : 'con' command is executed.
16:49:52 INFO  : ----------------XSDB Script (After Launch)----------------
targets -set -nocase -filter {name =~ "ARM*#0" && jtag_cable_name =~ "Digilent Zed 210248586133"} -index 0
con
----------------End of Script----------------

16:49:52 INFO  : Launch script is exported to file 'C:\Users\fello\Desktop\Vivado\project_1\project_1.sdk\.sdk\launch_scripts\xilinx_c-c++_application_(system_debugger)\system_debugger_using_debug_zedboard_getting_started_with_zynq.elf_on_local.tcl'
16:50:43 INFO  : Disconnected from the channel tcfchan#2.
16:50:45 INFO  : 'targets -set -filter {jtag_cable_name =~ "Digilent Zed 210248586133" && level==0} -index 1' command is executed.
16:50:45 INFO  : 'fpga -state' command is executed.
16:50:45 INFO  : Connected to target on host '127.0.0.1' and port '3121'.
16:50:46 INFO  : Jtag cable 'Digilent Zed 210248586133' is selected.
16:50:46 INFO  : 'jtag frequency' command is executed.
16:50:46 INFO  : Sourcing of 'C:/Users/fello/Desktop/Vivado/project_1/project_1.sdk/design_1_wrapper_hw_platform_0/ps7_init.tcl' is done.
16:50:47 INFO  : Context for 'APU' is selected.
16:50:51 INFO  : Hardware design information is loaded from 'C:/Users/fello/Desktop/Vivado/project_1/project_1.sdk/design_1_wrapper_hw_platform_0/system.hdf'.
16:50:51 INFO  : 'configparams force-mem-access 1' command is executed.
16:50:51 INFO  : Context for 'APU' is selected.
16:50:52 INFO  : 'stop' command is executed.
16:50:54 INFO  : 'ps7_init' command is executed.
16:50:54 INFO  : 'ps7_post_config' command is executed.
16:50:54 INFO  : Context for processor 'ps7_cortexa9_0' is selected.
16:50:55 INFO  : Processor reset is completed for 'ps7_cortexa9_0'.
16:50:55 INFO  : Context for processor 'ps7_cortexa9_0' is selected.
16:50:58 INFO  : The application 'C:/Users/fello/Desktop/Vivado/project_1/project_1.sdk/zedboard_getting_started_with_zynq/Debug/zedboard_getting_started_with_zynq.elf' is downloaded to processor 'ps7_cortexa9_0'.
16:50:58 INFO  : 'configparams force-mem-access 0' command is executed.
16:50:58 INFO  : ----------------XSDB Script----------------
connect -url tcp:127.0.0.1:3121
source C:/Users/fello/Desktop/Vivado/project_1/project_1.sdk/design_1_wrapper_hw_platform_0/ps7_init.tcl
targets -set -nocase -filter {name =~"APU*" && jtag_cable_name =~ "Digilent Zed 210248586133"} -index 0
loadhw -hw C:/Users/fello/Desktop/Vivado/project_1/project_1.sdk/design_1_wrapper_hw_platform_0/system.hdf -mem-ranges [list {0x40000000 0xbfffffff}]
configparams force-mem-access 1
targets -set -nocase -filter {name =~"APU*" && jtag_cable_name =~ "Digilent Zed 210248586133"} -index 0
stop
ps7_init
ps7_post_config
targets -set -nocase -filter {name =~ "ARM*#0" && jtag_cable_name =~ "Digilent Zed 210248586133"} -index 0
rst -processor
targets -set -nocase -filter {name =~ "ARM*#0" && jtag_cable_name =~ "Digilent Zed 210248586133"} -index 0
dow C:/Users/fello/Desktop/Vivado/project_1/project_1.sdk/zedboard_getting_started_with_zynq/Debug/zedboard_getting_started_with_zynq.elf
configparams force-mem-access 0
----------------End of Script----------------

16:50:58 INFO  : Memory regions updated for context APU
16:50:59 INFO  : Context for processor 'ps7_cortexa9_0' is selected.
16:51:00 INFO  : 'con' command is executed.
16:51:00 INFO  : ----------------XSDB Script (After Launch)----------------
targets -set -nocase -filter {name =~ "ARM*#0" && jtag_cable_name =~ "Digilent Zed 210248586133"} -index 0
con
----------------End of Script----------------

16:51:00 INFO  : Launch script is exported to file 'C:\Users\fello\Desktop\Vivado\project_1\project_1.sdk\.sdk\launch_scripts\xilinx_c-c++_application_(system_debugger)\system_debugger_using_debug_zedboard_getting_started_with_zynq.elf_on_local.tcl'
17:23:44 INFO  : Disconnected from the channel tcfchan#3.
11:08:19 INFO  : Registering command handlers for SDK TCF services
11:08:21 INFO  : Launching XSCT server: xsct.bat -interactive C:\Users\fello\Desktop\Vivado\project_1\project_1.sdk\temp_xsdb_launch_script.tcl
11:08:36 INFO  : XSCT server has started successfully.
11:08:45 INFO  : Processing command line option -hwspec C:/Users/fello/Desktop/Vivado/project_1/project_1.sdk/design_1_wrapper.hdf.
11:08:56 INFO  : Successfully done setting XSCT server connection channel  
11:08:56 INFO  : Successfully done setting SDK workspace  
11:08:57 INFO  : Checking for hwspec changes in the project design_1_wrapper_hw_platform_0.
11:09:16 INFO  : Connected to target on host '127.0.0.1' and port '3121'.
11:09:17 INFO  : 'targets -set -filter {jtag_cable_name =~ "Digilent Zed 210248586133" && level==0} -index 1' command is executed.
11:09:24 INFO  : FPGA configured successfully with bitstream "C:/Users/fello/Desktop/Vivado/project_1/project_1.sdk/design_1_wrapper_hw_platform_0/design_1_wrapper.bit"
11:33:26 INFO  : Connected to target on host '127.0.0.1' and port '3121'.
11:33:26 INFO  : 'targets -set -filter {jtag_cable_name =~ "Digilent Zed 210248586133" && level==0} -index 1' command is executed.
11:33:32 INFO  : FPGA configured successfully with bitstream "C:/Users/fello/Desktop/Vivado/project_1/project_1.sdk/design_1_wrapper_hw_platform_0/design_1_wrapper.bit"
12:26:19 INFO  : 'targets -set -filter {jtag_cable_name =~ "Digilent Zed 210248586133" && level==0} -index 1' command is executed.
12:26:19 INFO  : 'fpga -state' command is executed.
12:26:19 INFO  : Connected to target on host '127.0.0.1' and port '3121'.
12:26:20 INFO  : Jtag cable 'Digilent Zed 210248586133' is selected.
12:26:20 INFO  : 'jtag frequency' command is executed.
12:26:20 INFO  : Sourcing of 'C:/Users/fello/Desktop/Vivado/project_1/project_1.sdk/design_1_wrapper_hw_platform_0/ps7_init.tcl' is done.
12:26:21 INFO  : Context for 'APU' is selected.
12:26:21 INFO  : Hardware design information is loaded from 'C:/Users/fello/Desktop/Vivado/project_1/project_1.sdk/design_1_wrapper_hw_platform_0/system.hdf'.
12:26:21 INFO  : 'configparams force-mem-access 1' command is executed.
12:26:21 INFO  : Context for 'APU' is selected.
12:26:24 INFO  : 'stop' command is executed.
12:26:26 INFO  : 'ps7_init' command is executed.
12:26:26 INFO  : 'ps7_post_config' command is executed.
12:26:26 INFO  : Context for processor 'ps7_cortexa9_0' is selected.
12:26:27 INFO  : Processor reset is completed for 'ps7_cortexa9_0'.
12:26:27 INFO  : Context for processor 'ps7_cortexa9_0' is selected.
12:26:27 INFO  : The application 'C:/Users/fello/Desktop/Vivado/project_1/project_1.sdk/zedboard_getting_started_with_zynq/Debug/zedboard_getting_started_with_zynq.elf' is downloaded to processor 'ps7_cortexa9_0'.
12:26:27 INFO  : 'configparams force-mem-access 0' command is executed.
12:26:27 INFO  : ----------------XSDB Script----------------
connect -url tcp:127.0.0.1:3121
source C:/Users/fello/Desktop/Vivado/project_1/project_1.sdk/design_1_wrapper_hw_platform_0/ps7_init.tcl
targets -set -nocase -filter {name =~"APU*" && jtag_cable_name =~ "Digilent Zed 210248586133"} -index 0
loadhw -hw C:/Users/fello/Desktop/Vivado/project_1/project_1.sdk/design_1_wrapper_hw_platform_0/system.hdf -mem-ranges [list {0x40000000 0xbfffffff}]
configparams force-mem-access 1
targets -set -nocase -filter {name =~"APU*" && jtag_cable_name =~ "Digilent Zed 210248586133"} -index 0
stop
ps7_init
ps7_post_config
targets -set -nocase -filter {name =~ "ARM*#0" && jtag_cable_name =~ "Digilent Zed 210248586133"} -index 0
rst -processor
targets -set -nocase -filter {name =~ "ARM*#0" && jtag_cable_name =~ "Digilent Zed 210248586133"} -index 0
dow C:/Users/fello/Desktop/Vivado/project_1/project_1.sdk/zedboard_getting_started_with_zynq/Debug/zedboard_getting_started_with_zynq.elf
configparams force-mem-access 0
----------------End of Script----------------

12:26:30 INFO  : Memory regions updated for context APU
12:26:30 INFO  : Context for processor 'ps7_cortexa9_0' is selected.
12:26:30 INFO  : 'con' command is executed.
12:26:30 INFO  : ----------------XSDB Script (After Launch)----------------
targets -set -nocase -filter {name =~ "ARM*#0" && jtag_cable_name =~ "Digilent Zed 210248586133"} -index 0
con
----------------End of Script----------------

12:26:30 INFO  : Launch script is exported to file 'C:\Users\fello\Desktop\Vivado\project_1\project_1.sdk\.sdk\launch_scripts\xilinx_c-c++_application_(system_debugger)\system_debugger_using_debug_zedboard_getting_started_with_zynq.elf_on_local.tcl'
12:33:28 INFO  : Disconnected from the channel tcfchan#1.
